<?xml version="1.0" encoding="UTF-8"?>
<testsuite xmlns:xsi="http://www.w3.org/2001/XMLSchema-instance" xsi:noNamespaceSchemaLocation="https://maven.apache.org/surefire/maven-surefire-plugin/xsd/surefire-test-report.xsd" name="comm.forest.tree.LeafyTreeTest" time="0.008" tests="3" errors="0" skipped="0" failures="0">
  <properties>
[...]
</properties>
  <testcase name="shouldAddNegativeHeight" classname="comm.forest.tree.LeafyTreeTest" time="0"/>
  <testcase name="shouldProvideFutureDate" classname="comm.forest.tree.LeafyTreeTest" time="0.006"/>
  <testcase name="shouldAddNegativeRoot" classname="comm.forest.tree.LeafyTreeTest" time="0.001"/>
</testsuite>